[debug] [2022-11-09T05:59:20.461Z] ----------------------------------------------------------------------
[debug] [2022-11-09T05:59:20.465Z] Command:       C:\Program Files\nodejs\node.exe C:\Users\ali\AppData\Roaming\npm\node_modules\firebase-tools\lib\bin\firebase.js init
[debug] [2022-11-09T05:59:20.466Z] CLI Version:   11.16.0
[debug] [2022-11-09T05:59:20.467Z] Platform:      win32
[debug] [2022-11-09T05:59:20.467Z] Node Version:  v16.18.0
[debug] [2022-11-09T05:59:20.468Z] Time:          Wed Nov 09 2022 09:29:20 GMT+0330 (Iran Standard Time)
[debug] [2022-11-09T05:59:20.469Z] ----------------------------------------------------------------------
[debug] 
[debug] [2022-11-09T05:59:20.473Z] >>> [apiv2][query] GET https://firebase-public.firebaseio.com/cli.json [none]
[debug] [2022-11-09T05:59:20.502Z] > command requires scopes: ["email","openid","https://www.googleapis.com/auth/cloudplatformprojects.readonly","https://www.googleapis.com/auth/firebase","https://www.googleapis.com/auth/cloud-platform"]
[debug] [2022-11-09T05:59:20.503Z] > authorizing via signed-in user (ali.safaeyan71@gmail.com)
[info] 
     ######## #### ########  ######## ########     ###     ######  ########
     ##        ##  ##     ## ##       ##     ##  ##   ##  ##       ##
     ######    ##  ########  ######   ########  #########  ######  ######
     ##        ##  ##    ##  ##       ##     ## ##     ##       ## ##
     ##       #### ##     ## ######## ########  ##     ##  ######  ########

You're about to initialize a Firebase project in this directory:

  C:\Users\ali\Desktop\Router v6

[warn] !  Unable to fetch the CLI MOTD and remote config. 
[debug] [2022-11-09T05:59:41.559Z] Failed to fetch MOTD FirebaseError: Failed to make request to https://firebase-public.firebaseio.com/cli.json
[info] 
=== Project Setup
[info] 
[info] First, let's associate this project directory with a Firebase project.
[info] You can create multiple project aliases by running firebase use --add, 
[info] but for now we'll just set up a default project.
[info] 
[debug] [2022-11-09T06:19:23.319Z] >>> [apiv2][query] GET https://firebase.googleapis.com/v1beta1/projects pageSize=100
[debug] [2022-11-09T06:19:23.681Z] <<< [apiv2][status] GET https://firebase.googleapis.com/v1beta1/projects 403
[debug] [2022-11-09T06:19:23.681Z] <<< [apiv2][body] GET https://firebase.googleapis.com/v1beta1/projects [omitted]
[debug] [2022-11-09T06:19:23.682Z] Unable to parse JSON: SyntaxError: Unexpected token < in JSON at position 0
[debug] [2022-11-09T06:19:23.685Z] FirebaseError: Unable to parse JSON: SyntaxError: Unexpected token < in JSON at position 0
    at RetryOperation._fn (C:\Users\ali\AppData\Roaming\npm\node_modules\firebase-tools\lib\apiv2.js:260:39)
    at processTicksAndRejections (node:internal/process/task_queues:96:5)
[error] 
[error] Error: Failed to list Firebase projects. See firebase-debug.log for more info.
[debug] [2022-11-09T06:20:22.173Z] ----------------------------------------------------------------------
[debug] [2022-11-09T06:20:22.176Z] Command:       C:\Program Files\nodejs\node.exe C:\Users\ali\AppData\Roaming\npm\node_modules\firebase-tools\lib\bin\firebase.js init
[debug] [2022-11-09T06:20:22.177Z] CLI Version:   11.16.0
[debug] [2022-11-09T06:20:22.177Z] Platform:      win32
[debug] [2022-11-09T06:20:22.177Z] Node Version:  v16.18.0
[debug] [2022-11-09T06:20:22.178Z] Time:          Wed Nov 09 2022 09:50:22 GMT+0330 (Iran Standard Time)
[debug] [2022-11-09T06:20:22.179Z] ----------------------------------------------------------------------
[debug] 
[debug] [2022-11-09T06:20:22.195Z] >>> [apiv2][query] GET https://firebase-public.firebaseio.com/cli.json [none]
[debug] [2022-11-09T06:20:22.230Z] > command requires scopes: ["email","openid","https://www.googleapis.com/auth/cloudplatformprojects.readonly","https://www.googleapis.com/auth/firebase","https://www.googleapis.com/auth/cloud-platform"]
[debug] [2022-11-09T06:20:22.231Z] > authorizing via signed-in user (ali.safaeyan71@gmail.com)
[info] 
     ######## #### ########  ######## ########     ###     ######  ########
     ##        ##  ##     ## ##       ##     ##  ##   ##  ##       ##
     ######    ##  ########  ######   ########  #########  ######  ######
     ##        ##  ##    ##  ##       ##     ## ##     ##       ## ##
     ##       #### ##     ## ######## ########  ##     ##  ######  ########

You're about to initialize a Firebase project in this directory:

  C:\Users\ali\Desktop\Router v6

[warn] !  Unable to fetch the CLI MOTD and remote config. 
[debug] [2022-11-09T06:20:43.300Z] Failed to fetch MOTD FirebaseError: Failed to make request to https://firebase-public.firebaseio.com/cli.json
[info] 
=== Project Setup
[info] 
[info] First, let's associate this project directory with a Firebase project.
[info] You can create multiple project aliases by running firebase use --add, 
[info] but for now we'll just set up a default project.
[info] 
[debug] [2022-11-09T06:21:34.281Z] >>> [apiv2][query] GET https://firebase.googleapis.com/v1beta1/projects pageSize=100
[debug] [2022-11-09T06:21:34.615Z] <<< [apiv2][status] GET https://firebase.googleapis.com/v1beta1/projects 403
[debug] [2022-11-09T06:21:34.615Z] <<< [apiv2][body] GET https://firebase.googleapis.com/v1beta1/projects [omitted]
[debug] [2022-11-09T06:21:34.615Z] Unable to parse JSON: SyntaxError: Unexpected token < in JSON at position 0
[debug] [2022-11-09T06:21:34.854Z] FirebaseError: Unable to parse JSON: SyntaxError: Unexpected token < in JSON at position 0
    at RetryOperation._fn (C:\Users\ali\AppData\Roaming\npm\node_modules\firebase-tools\lib\apiv2.js:260:39)
    at processTicksAndRejections (node:internal/process/task_queues:96:5)
[error] 
[error] Error: Failed to list Firebase projects. See firebase-debug.log for more info.
[debug] [2022-11-09T06:22:58.732Z] ----------------------------------------------------------------------
[debug] [2022-11-09T06:22:58.735Z] Command:       C:\Program Files\nodejs\node.exe C:\Users\ali\AppData\Roaming\npm\node_modules\firebase-tools\lib\bin\firebase.js init
[debug] [2022-11-09T06:22:58.736Z] CLI Version:   11.16.0
[debug] [2022-11-09T06:22:58.736Z] Platform:      win32
[debug] [2022-11-09T06:22:58.736Z] Node Version:  v16.18.0
[debug] [2022-11-09T06:22:58.737Z] Time:          Wed Nov 09 2022 09:52:58 GMT+0330 (Iran Standard Time)
[debug] [2022-11-09T06:22:58.737Z] ----------------------------------------------------------------------
[debug] 
[debug] [2022-11-09T06:22:58.742Z] >>> [apiv2][query] GET https://firebase-public.firebaseio.com/cli.json [none]
[debug] [2022-11-09T06:22:58.774Z] > command requires scopes: ["email","openid","https://www.googleapis.com/auth/cloudplatformprojects.readonly","https://www.googleapis.com/auth/firebase","https://www.googleapis.com/auth/cloud-platform"]
[debug] [2022-11-09T06:22:58.775Z] > authorizing via signed-in user (ali.safaeyan71@gmail.com)
[info] 
     ######## #### ########  ######## ########     ###     ######  ########
     ##        ##  ##     ## ##       ##     ##  ##   ##  ##       ##
     ######    ##  ########  ######   ########  #########  ######  ######
     ##        ##  ##    ##  ##       ##     ## ##     ##       ## ##
     ##       #### ##     ## ######## ########  ##     ##  ######  ########

You're about to initialize a Firebase project in this directory:

  C:\Users\ali\Desktop\Router v6

[warn] !  Unable to fetch the CLI MOTD and remote config. 
[debug] [2022-11-09T06:23:19.853Z] Failed to fetch MOTD FirebaseError: Failed to make request to https://firebase-public.firebaseio.com/cli.json
[info] 
=== Project Setup
[info] 
[info] First, let's associate this project directory with a Firebase project.
[info] You can create multiple project aliases by running firebase use --add, 
[info] but for now we'll just set up a default project.
[info] 
[info] i  If you want to create a project in a Google Cloud organization or folder, please use "firebase projects:create" instead, and return to this command when you've created the project. 
[debug] [2022-11-09T06:24:17.747Z] >>> [apiv2][query] POST https://cloudresourcemanager.googleapis.com/v1/projects [none]
[debug] [2022-11-09T06:24:17.747Z] >>> [apiv2][body] POST https://cloudresourcemanager.googleapis.com/v1/projects {"projectId":"firebase project","name":"firebase project"}
[debug] [2022-11-09T06:24:18.187Z] <<< [apiv2][status] POST https://cloudresourcemanager.googleapis.com/v1/projects 403
[debug] [2022-11-09T06:24:18.187Z] <<< [apiv2][body] POST https://cloudresourcemanager.googleapis.com/v1/projects "<!DOCTYPE html>\n<html lang=en>\n  <meta charset=utf-8>\n  <meta name=viewport content=\"initial-scale=1, minimum-scale=1, width=device-width\">\n  <title>Error 403 (Forbidden)!!1</title>\n  <style>\n    *{margin:0;padding:0}html,code{font:15px/22px arial,sans-serif}html{background:#fff;color:#222;padding:15px}body{margin:7% auto 0;max-width:390px;min-height:180px;padding:30px 0 15px}* > body{background:url(//www.google.com/images/errors/robot.png) 100% 5px no-repeat;padding-right:205px}p{margin:11px 0 22px;overflow:hidden}ins{color:#777;text-decoration:none}a img{border:0}@media screen and (max-width:772px){body{background:none;margin-top:0;max-width:none;padding-right:0}}#logo{background:url(//www.google.com/images/branding/googlelogo/1x/googlelogo_color_150x54dp.png) no-repeat;margin-left:-5px}@media only screen and (min-resolution:192dpi){#logo{background:url(//www.google.com/images/branding/googlelogo/2x/googlelogo_color_150x54dp.png) no-repeat 0% 0%/100% 100%;-moz-border-image:url(//www.google.com/images/branding/googlelogo/2x/googlelogo_color_150x54dp.png) 0}}@media only screen and (-webkit-min-device-pixel-ratio:2){#logo{background:url(//www.google.com/images/branding/googlelogo/2x/googlelogo_color_150x54dp.png) no-repeat;-webkit-background-size:100% 100%}}#logo{display:inline-block;height:54px;width:150px}\n  </style>\n  <a href=//www.google.com/><span id=logo aria-label=Google></span></a>\n  <p><b>403.</b> <ins>That’s an error.</ins>\n  <p>Your client does not have permission to get URL <code>/v1/projects</code> from this server.  <ins>That’s all we know.</ins>\n"
[debug] [2022-11-09T06:24:18.192Z] FirebaseError: Unable to parse JSON: SyntaxError: Unexpected token < in JSON at position 0
    at RetryOperation._fn (C:\Users\ali\AppData\Roaming\npm\node_modules\firebase-tools\lib\apiv2.js:260:39)
    at processTicksAndRejections (node:internal/process/task_queues:96:5)
[error] 
[error] Error: Failed to create project. See firebase-debug.log for more info.
[debug] [2022-11-09T06:24:27.532Z] ----------------------------------------------------------------------
[debug] [2022-11-09T06:24:27.535Z] Command:       C:\Program Files\nodejs\node.exe C:\Users\ali\AppData\Roaming\npm\node_modules\firebase-tools\lib\bin\firebase.js init
[debug] [2022-11-09T06:24:27.536Z] CLI Version:   11.16.0
[debug] [2022-11-09T06:24:27.537Z] Platform:      win32
[debug] [2022-11-09T06:24:27.537Z] Node Version:  v16.18.0
[debug] [2022-11-09T06:24:27.538Z] Time:          Wed Nov 09 2022 09:54:27 GMT+0330 (Iran Standard Time)
[debug] [2022-11-09T06:24:27.538Z] ----------------------------------------------------------------------
[debug] 
[debug] [2022-11-09T06:24:27.543Z] >>> [apiv2][query] GET https://firebase-public.firebaseio.com/cli.json [none]
[debug] [2022-11-09T06:24:27.569Z] > command requires scopes: ["email","openid","https://www.googleapis.com/auth/cloudplatformprojects.readonly","https://www.googleapis.com/auth/firebase","https://www.googleapis.com/auth/cloud-platform"]
[debug] [2022-11-09T06:24:27.570Z] > authorizing via signed-in user (ali.safaeyan71@gmail.com)
[info] 
     ######## #### ########  ######## ########     ###     ######  ########
     ##        ##  ##     ## ##       ##     ##  ##   ##  ##       ##
     ######    ##  ########  ######   ########  #########  ######  ######
     ##        ##  ##    ##  ##       ##     ## ##     ##       ## ##
     ##       #### ##     ## ######## ########  ##     ##  ######  ########

You're about to initialize a Firebase project in this directory:

  C:\Users\ali\Desktop\Router v6

[info] 
=== Project Setup
[info] 
[info] First, let's associate this project directory with a Firebase project.
[info] You can create multiple project aliases by running firebase use --add, 
[info] but for now we'll just set up a default project.
[info] 
[debug] [2022-11-09T06:24:36.574Z] >>> [apiv2][query] GET https://firebase.googleapis.com/v1beta1/projects pageSize=100
[debug] [2022-11-09T06:24:36.912Z] <<< [apiv2][status] GET https://firebase.googleapis.com/v1beta1/projects 403
[debug] [2022-11-09T06:24:36.912Z] <<< [apiv2][body] GET https://firebase.googleapis.com/v1beta1/projects [omitted]
[debug] [2022-11-09T06:24:36.912Z] Unable to parse JSON: SyntaxError: Unexpected token < in JSON at position 0
[debug] [2022-11-09T06:24:36.913Z] FirebaseError: Unable to parse JSON: SyntaxError: Unexpected token < in JSON at position 0
    at RetryOperation._fn (C:\Users\ali\AppData\Roaming\npm\node_modules\firebase-tools\lib\apiv2.js:260:39)
    at processTicksAndRejections (node:internal/process/task_queues:96:5)
[error] 
[error] Error: Failed to list Firebase projects. See firebase-debug.log for more info.
[debug] [2022-11-09T06:24:41.778Z] ----------------------------------------------------------------------
[debug] [2022-11-09T06:24:41.781Z] Command:       C:\Program Files\nodejs\node.exe C:\Users\ali\AppData\Roaming\npm\node_modules\firebase-tools\lib\bin\firebase.js init
[debug] [2022-11-09T06:24:41.782Z] CLI Version:   11.16.0
[debug] [2022-11-09T06:24:41.782Z] Platform:      win32
[debug] [2022-11-09T06:24:41.782Z] Node Version:  v16.18.0
[debug] [2022-11-09T06:24:41.783Z] Time:          Wed Nov 09 2022 09:54:41 GMT+0330 (Iran Standard Time)
[debug] [2022-11-09T06:24:41.783Z] ----------------------------------------------------------------------
[debug] 
[debug] [2022-11-09T06:24:41.787Z] >>> [apiv2][query] GET https://firebase-public.firebaseio.com/cli.json [none]
[debug] [2022-11-09T06:24:41.814Z] > command requires scopes: ["email","openid","https://www.googleapis.com/auth/cloudplatformprojects.readonly","https://www.googleapis.com/auth/firebase","https://www.googleapis.com/auth/cloud-platform"]
[debug] [2022-11-09T06:24:41.814Z] > authorizing via signed-in user (ali.safaeyan71@gmail.com)
[info] 
     ######## #### ########  ######## ########     ###     ######  ########
     ##        ##  ##     ## ##       ##     ##  ##   ##  ##       ##
     ######    ##  ########  ######   ########  #########  ######  ######
     ##        ##  ##    ##  ##       ##     ## ##     ##       ## ##
     ##       #### ##     ## ######## ########  ##     ##  ######  ########

You're about to initialize a Firebase project in this directory:

  C:\Users\ali\Desktop\Router v6

[info] 
=== Project Setup
[info] 
[info] First, let's associate this project directory with a Firebase project.
[info] You can create multiple project aliases by running firebase use --add, 
[info] but for now we'll just set up a default project.
[info] 
[info] i  If you want to create a project in a Google Cloud organization or folder, please use "firebase projects:create" instead, and return to this command when you've created the project. 
[warn] !  Unable to fetch the CLI MOTD and remote config. 
[debug] [2022-11-09T06:25:02.873Z] Failed to fetch MOTD FirebaseError: Failed to make request to https://firebase-public.firebaseio.com/cli.json
[debug] [2022-11-09T06:25:02.951Z] >>> [apiv2][query] POST https://cloudresourcemanager.googleapis.com/v1/projects [none]
[debug] [2022-11-09T06:25:02.951Z] >>> [apiv2][body] POST https://cloudresourcemanager.googleapis.com/v1/projects {"projectId":"firb","name":"firbi"}
[debug] [2022-11-09T06:25:03.245Z] <<< [apiv2][status] POST https://cloudresourcemanager.googleapis.com/v1/projects 403
[debug] [2022-11-09T06:25:03.245Z] <<< [apiv2][body] POST https://cloudresourcemanager.googleapis.com/v1/projects "<!DOCTYPE html>\n<html lang=en>\n  <meta charset=utf-8>\n  <meta name=viewport content=\"initial-scale=1, minimum-scale=1, width=device-width\">\n  <title>Error 403 (Forbidden)!!1</title>\n  <style>\n    *{margin:0;padding:0}html,code{font:15px/22px arial,sans-serif}html{background:#fff;color:#222;padding:15px}body{margin:7% auto 0;max-width:390px;min-height:180px;padding:30px 0 15px}* > body{background:url(//www.google.com/images/errors/robot.png) 100% 5px no-repeat;padding-right:205px}p{margin:11px 0 22px;overflow:hidden}ins{color:#777;text-decoration:none}a img{border:0}@media screen and (max-width:772px){body{background:none;margin-top:0;max-width:none;padding-right:0}}#logo{background:url(//www.google.com/images/branding/googlelogo/1x/googlelogo_color_150x54dp.png) no-repeat;margin-left:-5px}@media only screen and (min-resolution:192dpi){#logo{background:url(//www.google.com/images/branding/googlelogo/2x/googlelogo_color_150x54dp.png) no-repeat 0% 0%/100% 100%;-moz-border-image:url(//www.google.com/images/branding/googlelogo/2x/googlelogo_color_150x54dp.png) 0}}@media only screen and (-webkit-min-device-pixel-ratio:2){#logo{background:url(//www.google.com/images/branding/googlelogo/2x/googlelogo_color_150x54dp.png) no-repeat;-webkit-background-size:100% 100%}}#logo{display:inline-block;height:54px;width:150px}\n  </style>\n  <a href=//www.google.com/><span id=logo aria-label=Google></span></a>\n  <p><b>403.</b> <ins>That’s an error.</ins>\n  <p>Your client does not have permission to get URL <code>/v1/projects</code> from this server.  <ins>That’s all we know.</ins>\n"
[debug] [2022-11-09T06:25:03.249Z] FirebaseError: Unable to parse JSON: SyntaxError: Unexpected token < in JSON at position 0
    at RetryOperation._fn (C:\Users\ali\AppData\Roaming\npm\node_modules\firebase-tools\lib\apiv2.js:260:39)
    at processTicksAndRejections (node:internal/process/task_queues:96:5)
[error] 
[error] Error: Failed to create project. See firebase-debug.log for more info.
